<?xml version="1.0" encoding="UTF-8"?>
<testsuite xmlns:xsi="http://www.w3.org/2001/XMLSchema-instance" xsi:noNamespaceSchemaLocation="https://maven.apache.org/surefire/maven-surefire-plugin/xsd/surefire-test-report-3.0.xsd" version="3.0" name="org.acme.kafka.SerializeTest" time="16.795" tests="1" errors="1" skipped="0" failures="0">
  <properties>
    <property name="sun.desktop" value="windows"/>
    <property name="awt.toolkit" value="sun.awt.windows.WToolkit"/>
    <property name="java.specification.version" value="11"/>
    <property name="file.encoding.pkg" value="sun.io"/>
    <property name="jdk.extensions.version" value="11.0.11.0"/>
    <property name="sun.jnu.encoding" value="Cp1252"/>
    <property name="test.url" value="http://localhost:8081"/>
    <property name="java.class.path" value="C:\Code\quarkus-quickstarts\kafka-avro-schema-failed\nested-module2\target\test-classes;C:\Code\quarkus-quickstarts\kafka-avro-schema-failed\nested-module2\target\classes;C:\Code\quarkus-quickstarts\kafka-avro-schema-failed\nested-module\target\classes;C:\Users\Ghouwen\.m2\repository\io\quarkus\quarkus-resteasy-reactive\2.10.3.Final\quarkus-resteasy-reactive-2.10.3.Final.jar;C:\Users\Ghouwen\.m2\repository\io\quarkus\quarkus-resteasy-reactive-common\2.10.3.Final\quarkus-resteasy-reactive-common-2.10.3.Final.jar;C:\Users\Ghouwen\.m2\repository\io\quarkus\resteasy\reactive\resteasy-reactive-common\2.10.3.Final\resteasy-reactive-common-2.10.3.Final.jar;C:\Users\Ghouwen\.m2\repository\io\quarkus\quarkus-mutiny\2.10.3.Final\quarkus-mutiny-2.10.3.Final.jar;C:\Users\Ghouwen\.m2\repository\io\quarkus\quarkus-smallrye-context-propagation\2.10.3.Final\quarkus-smallrye-context-propagation-2.10.3.Final.jar;C:\Users\Ghouwen\.m2\repository\io\smallrye\smallrye-context-propagation\1.2.2\smallrye-context-propagation-1.2.2.jar;C:\Users\Ghouwen\.m2\repository\io\smallrye\smallrye-context-propagation-api\1.2.2\smallrye-context-propagation-api-1.2.2.jar;C:\Users\Ghouwen\.m2\repository\io\smallrye\smallrye-context-propagation-storage\1.2.2\smallrye-context-propagation-storage-1.2.2.jar;C:\Users\Ghouwen\.m2\repository\io\smallrye\reactive\mutiny-smallrye-context-propagation\1.6.0\mutiny-smallrye-context-propagation-1.6.0.jar;C:\Users\Ghouwen\.m2\repository\io\quarkus\quarkus-vertx\2.10.3.Final\quarkus-vertx-2.10.3.Final.jar;C:\Users\Ghouwen\.m2\repository\io\quarkus\quarkus-netty\2.10.3.Final\quarkus-netty-2.10.3.Final.jar;C:\Users\Ghouwen\.m2\repository\io\netty\netty-codec\4.1.74.Final\netty-codec-4.1.74.Final.jar;C:\Users\Ghouwen\.m2\repository\io\netty\netty-codec-haproxy\4.1.74.Final\netty-codec-haproxy-4.1.74.Final.jar;C:\Users\Ghouwen\.m2\repository\io\smallrye\smallrye-fault-tolerance-vertx\5.4.1\smallrye-fault-tolerance-vertx-5.4.1.jar;C:\Users\Ghouwen\.m2\repository\io\quarkus\resteasy\reactive\resteasy-reactive-vertx\2.10.3.Final\resteasy-reactive-vertx-2.10.3.Final.jar;C:\Users\Ghouwen\.m2\repository\io\vertx\vertx-web\4.2.7\vertx-web-4.2.7.jar;C:\Users\Ghouwen\.m2\repository\io\vertx\vertx-web-common\4.2.7\vertx-web-common-4.2.7.jar;C:\Users\Ghouwen\.m2\repository\io\vertx\vertx-auth-common\4.2.7\vertx-auth-common-4.2.7.jar;C:\Users\Ghouwen\.m2\repository\io\vertx\vertx-bridge-common\4.2.7\vertx-bridge-common-4.2.7.jar;C:\Users\Ghouwen\.m2\repository\io\smallrye\reactive\smallrye-mutiny-vertx-core\2.22.0\smallrye-mutiny-vertx-core-2.22.0.jar;C:\Users\Ghouwen\.m2\repository\io\smallrye\reactive\smallrye-mutiny-vertx-runtime\2.22.0\smallrye-mutiny-vertx-runtime-2.22.0.jar;C:\Users\Ghouwen\.m2\repository\io\smallrye\reactive\vertx-mutiny-generator\2.22.0\vertx-mutiny-generator-2.22.0.jar;C:\Users\Ghouwen\.m2\repository\io\vertx\vertx-codegen\4.2.7\vertx-codegen-4.2.7.jar;C:\Users\Ghouwen\.m2\repository\io\quarkus\resteasy\reactive\resteasy-reactive\2.10.3.Final\resteasy-reactive-2.10.3.Final.jar;C:\Users\Ghouwen\.m2\repository\jakarta\enterprise\jakarta.enterprise.cdi-api\2.0.2\jakarta.enterprise.cdi-api-2.0.2.jar;C:\Users\Ghouwen\.m2\repository\jakarta\el\jakarta.el-api\3.0.3\jakarta.el-api-3.0.3.jar;C:\Users\Ghouwen\.m2\repository\jakarta\interceptor\jakarta.interceptor-api\1.2.5\jakarta.interceptor-api-1.2.5.jar;C:\Users\Ghouwen\.m2\repository\org\jboss\spec\javax\ws\rs\jboss-jaxrs-api_2.1_spec\2.0.1.Final\jboss-jaxrs-api_2.1_spec-2.0.1.Final.jar;C:\Users\Ghouwen\.m2\repository\org\jboss\logging\commons-logging-jboss-logging\1.0.0.Final\commons-logging-jboss-logging-1.0.0.Final.jar;C:\Users\Ghouwen\.m2\repository\org\jboss\logging\jboss-logging\3.5.0.Final\jboss-logging-3.5.0.Final.jar;C:\Users\Ghouwen\.m2\repository\io\quarkus\quarkus-vertx-http\2.10.3.Final\quarkus-vertx-http-2.10.3.Final.jar;C:\Users\Ghouwen\.m2\repository\io\quarkus\quarkus-security-runtime-spi\2.10.3.Final\quarkus-security-runtime-spi-2.10.3.Final.jar;C:\Users\Ghouwen\.m2\repository\io\smallrye\common\smallrye-common-vertx-context\1.13.0\smallrye-common-vertx-context-1.13.0.jar;C:\Users\Ghouwen\.m2\repository\io\smallrye\common\smallrye-common-constraint\1.13.0\smallrye-common-constraint-1.13.0.jar;C:\Users\Ghouwen\.m2\repository\io\quarkus\quarkus-vertx-http-dev-console-runtime-spi\2.10.3.Final\quarkus-vertx-http-dev-console-runtime-spi-2.10.3.Final.jar;C:\Users\Ghouwen\.m2\repository\io\quarkus\arc\arc\2.10.3.Final\arc-2.10.3.Final.jar;C:\Users\Ghouwen\.m2\repository\jakarta\transaction\jakarta.transaction-api\1.3.3\jakarta.transaction-api-1.3.3.jar;C:\Users\Ghouwen\.m2\repository\io\quarkus\security\quarkus-security\1.1.4.Final\quarkus-security-1.1.4.Final.jar;C:\Users\Ghouwen\.m2\repository\io\smallrye\reactive\smallrye-mutiny-vertx-web\2.22.0\smallrye-mutiny-vertx-web-2.22.0.jar;C:\Users\Ghouwen\.m2\repository\io\smallrye\reactive\smallrye-mutiny-vertx-web-common\2.22.0\smallrye-mutiny-vertx-web-common-2.22.0.jar;C:\Users\Ghouwen\.m2\repository\io\smallrye\reactive\smallrye-mutiny-vertx-auth-common\2.22.0\smallrye-mutiny-vertx-auth-common-2.22.0.jar;C:\Users\Ghouwen\.m2\repository\io\smallrye\reactive\smallrye-mutiny-vertx-bridge-common\2.22.0\smallrye-mutiny-vertx-bridge-common-2.22.0.jar;C:\Users\Ghouwen\.m2\repository\io\github\crac\org-crac\0.1.1\org-crac-0.1.1.jar;C:\Users\Ghouwen\.m2\repository\io\quarkus\quarkus-jsonp\2.10.3.Final\quarkus-jsonp-2.10.3.Final.jar;C:\Users\Ghouwen\.m2\repository\org\glassfish\jakarta.json\1.1.6\jakarta.json-1.1.6.jar;C:\Users\Ghouwen\.m2\repository\io\quarkus\quarkus-smallrye-reactive-messaging-kafka\2.10.3.Final\quarkus-smallrye-reactive-messaging-kafka-2.10.3.Final.jar;C:\Users\Ghouwen\.m2\repository\io\quarkus\quarkus-kafka-client\2.10.3.Final\quarkus-kafka-client-2.10.3.Final.jar;C:\Users\Ghouwen\.m2\repository\io\quarkus\quarkus-arc\2.10.3.Final\quarkus-arc-2.10.3.Final.jar;C:\Users\Ghouwen\.m2\repository\org\eclipse\microprofile\context-propagation\microprofile-context-propagation-api\1.2\microprofile-context-propagation-api-1.2.jar;C:\Users\Ghouwen\.m2\repository\io\quarkus\quarkus-caffeine\2.10.3.Final\quarkus-caffeine-2.10.3.Final.jar;C:\Users\Ghouwen\.m2\repository\com\github\ben-manes\caffeine\caffeine\2.9.3\caffeine-2.9.3.jar;C:\Users\Ghouwen\.m2\repository\com\google\errorprone\error_prone_annotations\2.13.1\error_prone_annotations-2.13.1.jar;C:\Users\Ghouwen\.m2\repository\io\smallrye\reactive\smallrye-reactive-messaging-kafka\3.17.0\smallrye-reactive-messaging-kafka-3.17.0.jar;C:\Users\Ghouwen\.m2\repository\io\smallrye\reactive\smallrye-reactive-messaging-kafka-api\3.17.0\smallrye-reactive-messaging-kafka-api-3.17.0.jar;C:\Users\Ghouwen\.m2\repository\io\opentelemetry\opentelemetry-api\1.13.0\opentelemetry-api-1.13.0.jar;C:\Users\Ghouwen\.m2\repository\io\opentelemetry\opentelemetry-context\1.13.0\opentelemetry-context-1.13.0.jar;C:\Users\Ghouwen\.m2\repository\io\opentelemetry\opentelemetry-semconv\1.13.0-alpha\opentelemetry-semconv-1.13.0-alpha.jar;C:\Users\Ghouwen\.m2\repository\io\smallrye\reactive\smallrye-reactive-converter-api\2.7.0\smallrye-reactive-converter-api-2.7.0.jar;C:\Users\Ghouwen\.m2\repository\org\reactivestreams\reactive-streams\1.0.3\reactive-streams-1.0.3.jar;C:\Users\Ghouwen\.m2\repository\io\smallrye\reactive\mutiny\1.6.0\mutiny-1.6.0.jar;C:\Users\Ghouwen\.m2\repository\io\quarkus\quarkus-jackson\2.10.3.Final\quarkus-jackson-2.10.3.Final.jar;C:\Users\Ghouwen\.m2\repository\com\fasterxml\jackson\core\jackson-databind\2.13.3\jackson-databind-2.13.3.jar;C:\Users\Ghouwen\.m2\repository\com\fasterxml\jackson\core\jackson-annotations\2.13.3\jackson-annotations-2.13.3.jar;C:\Users\Ghouwen\.m2\repository\com\fasterxml\jackson\datatype\jackson-datatype-jsr310\2.13.3\jackson-datatype-jsr310-2.13.3.jar;C:\Users\Ghouwen\.m2\repository\com\fasterxml\jackson\datatype\jackson-datatype-jdk8\2.13.3\jackson-datatype-jdk8-2.13.3.jar;C:\Users\Ghouwen\.m2\repository\com\fasterxml\jackson\module\jackson-module-parameter-names\2.13.3\jackson-module-parameter-names-2.13.3.jar;C:\Users\Ghouwen\.m2\repository\org\apache\kafka\kafka-clients\3.1.0\kafka-clients-3.1.0.jar;C:\Users\Ghouwen\.m2\repository\com\github\luben\zstd-jni\1.5.0-4\zstd-jni-1.5.0-4.jar;C:\Users\Ghouwen\.m2\repository\org\lz4\lz4-java\1.8.0\lz4-java-1.8.0.jar;C:\Users\Ghouwen\.m2\repository\org\xerial\snappy\snappy-java\1.1.8.4\snappy-java-1.1.8.4.jar;C:\Users\Ghouwen\.m2\repository\org\slf4j\slf4j-api\1.7.36\slf4j-api-1.7.36.jar;C:\Users\Ghouwen\.m2\repository\io\vertx\vertx-kafka-client\4.2.7\vertx-kafka-client-4.2.7.jar;C:\Users\Ghouwen\.m2\repository\io\vertx\vertx-core\4.2.7\vertx-core-4.2.7.jar;C:\Users\Ghouwen\.m2\repository\io\netty\netty-common\4.1.74.Final\netty-common-4.1.74.Final.jar;C:\Users\Ghouwen\.m2\repository\io\netty\netty-buffer\4.1.74.Final\netty-buffer-4.1.74.Final.jar;C:\Users\Ghouwen\.m2\repository\io\netty\netty-transport\4.1.74.Final\netty-transport-4.1.74.Final.jar;C:\Users\Ghouwen\.m2\repository\io\netty\netty-handler\4.1.74.Final\netty-handler-4.1.74.Final.jar;C:\Users\Ghouwen\.m2\repository\io\netty\netty-tcnative-classes\2.0.48.Final\netty-tcnative-classes-2.0.48.Final.jar;C:\Users\Ghouwen\.m2\repository\io\netty\netty-handler-proxy\4.1.74.Final\netty-handler-proxy-4.1.74.Final.jar;C:\Users\Ghouwen\.m2\repository\io\netty\netty-codec-socks\4.1.74.Final\netty-codec-socks-4.1.74.Final.jar;C:\Users\Ghouwen\.m2\repository\io\netty\netty-codec-http\4.1.74.Final\netty-codec-http-4.1.74.Final.jar;C:\Users\Ghouwen\.m2\repository\io\netty\netty-codec-http2\4.1.74.Final\netty-codec-http2-4.1.74.Final.jar;C:\Users\Ghouwen\.m2\repository\io\netty\netty-resolver\4.1.74.Final\netty-resolver-4.1.74.Final.jar;C:\Users\Ghouwen\.m2\repository\io\netty\netty-resolver-dns\4.1.74.Final\netty-resolver-dns-4.1.74.Final.jar;C:\Users\Ghouwen\.m2\repository\io\netty\netty-codec-dns\4.1.74.Final\netty-codec-dns-4.1.74.Final.jar;C:\Users\Ghouwen\.m2\repository\io\quarkus\quarkus-smallrye-reactive-messaging\2.10.3.Final\quarkus-smallrye-reactive-messaging-2.10.3.Final.jar;C:\Users\Ghouwen\.m2\repository\io\quarkus\quarkus-mutiny-reactive-streams-operators\2.10.3.Final\quarkus-mutiny-reactive-streams-operators-2.10.3.Final.jar;C:\Users\Ghouwen\.m2\repository\org\eclipse\microprofile\reactive-streams-operators\microprofile-reactive-streams-operators-api\1.0.1\microprofile-reactive-streams-operators-api-1.0.1.jar;C:\Users\Ghouwen\.m2\repository\org\eclipse\microprofile\reactive-streams-operators\microprofile-reactive-streams-operators-core\1.0.1\microprofile-reactive-streams-operators-core-1.0.1.jar;C:\Users\Ghouwen\.m2\repository\io\smallrye\reactive\mutiny-reactive-streams-operators\1.6.0\mutiny-reactive-streams-operators-1.6.0.jar;C:\Users\Ghouwen\.m2\repository\io\quarkus\quarkus-smallrye-reactive-messaging-kotlin\2.10.3.Final\quarkus-smallrye-reactive-messaging-kotlin-2.10.3.Final.jar;C:\Users\Ghouwen\.m2\repository\io\smallrye\common\smallrye-common-annotation\1.13.0\smallrye-common-annotation-1.13.0.jar;C:\Users\Ghouwen\.m2\repository\io\smallrye\reactive\smallrye-reactive-messaging-health\3.17.0\smallrye-reactive-messaging-health-3.17.0.jar;C:\Users\Ghouwen\.m2\repository\org\eclipse\microprofile\health\microprofile-health-api\3.1\microprofile-health-api-3.1.jar;C:\Users\Ghouwen\.m2\repository\io\smallrye\reactive\smallrye-reactive-messaging-provider\3.17.0\smallrye-reactive-messaging-provider-3.17.0.jar;C:\Users\Ghouwen\.m2\repository\io\smallrye\reactive\smallrye-reactive-messaging-api\3.17.0\smallrye-reactive-messaging-api-3.17.0.jar;C:\Users\Ghouwen\.m2\repository\jakarta\annotation\jakarta.annotation-api\1.3.5\jakarta.annotation-api-1.3.5.jar;C:\Users\Ghouwen\.m2\repository\io\quarkus\quarkus-resteasy-reactive-jackson\2.10.3.Final\quarkus-resteasy-reactive-jackson-2.10.3.Final.jar;C:\Users\Ghouwen\.m2\repository\io\quarkus\quarkus-resteasy-reactive-jackson-common\2.10.3.Final\quarkus-resteasy-reactive-jackson-common-2.10.3.Final.jar;C:\Users\Ghouwen\.m2\repository\io\quarkus\resteasy\reactive\resteasy-reactive-jackson\2.10.3.Final\resteasy-reactive-jackson-2.10.3.Final.jar;C:\Users\Ghouwen\.m2\repository\io\quarkus\quarkus-confluent-registry-avro\2.10.3.Final\quarkus-confluent-registry-avro-2.10.3.Final.jar;C:\Users\Ghouwen\.m2\repository\io\quarkus\quarkus-avro\2.10.3.Final\quarkus-avro-2.10.3.Final.jar;C:\Users\Ghouwen\.m2\repository\io\quarkus\quarkus-confluent-registry-common\2.10.3.Final\quarkus-confluent-registry-common-2.10.3.Final.jar;C:\Users\Ghouwen\.m2\repository\io\quarkus\quarkus-schema-registry-devservice\2.10.3.Final\quarkus-schema-registry-devservice-2.10.3.Final.jar;C:\Users\Ghouwen\.m2\repository\io\quarkus\quarkus-rest-client-reactive\2.10.3.Final\quarkus-rest-client-reactive-2.10.3.Final.jar;C:\Users\Ghouwen\.m2\repository\io\quarkus\quarkus-jaxrs-client-reactive\2.10.3.Final\quarkus-jaxrs-client-reactive-2.10.3.Final.jar;C:\Users\Ghouwen\.m2\repository\io\quarkus\resteasy\reactive\resteasy-reactive-client\2.10.3.Final\resteasy-reactive-client-2.10.3.Final.jar;C:\Users\Ghouwen\.m2\repository\io\vertx\vertx-web-client\4.2.7\vertx-web-client-4.2.7.jar;C:\Users\Ghouwen\.m2\repository\io\quarkus\quarkus-smallrye-stork\2.10.3.Final\quarkus-smallrye-stork-2.10.3.Final.jar;C:\Users\Ghouwen\.m2\repository\io\quarkus\quarkus-rest-client-config\2.10.3.Final\quarkus-rest-client-config-2.10.3.Final.jar;C:\Users\Ghouwen\.m2\repository\org\jboss\jandex\2.4.2.Final\jandex-2.4.2.Final.jar;C:\Users\Ghouwen\.m2\repository\io\smallrye\stork\stork-api\1.1.2\stork-api-1.1.2.jar;C:\Users\Ghouwen\.m2\repository\io\smallrye\stork\stork-core\1.1.2\stork-core-1.1.2.jar;C:\Users\Ghouwen\.m2\repository\org\eclipse\microprofile\rest\client\microprofile-rest-client-api\2.0\microprofile-rest-client-api-2.0.jar;C:\Users\Ghouwen\.m2\repository\io\confluent\kafka-avro-serializer\6.1.1\kafka-avro-serializer-6.1.1.jar;C:\Users\Ghouwen\.m2\repository\org\apache\avro\avro\1.11.0\avro-1.11.0.jar;C:\Users\Ghouwen\.m2\repository\com\fasterxml\jackson\core\jackson-core\2.13.3\jackson-core-2.13.3.jar;C:\Users\Ghouwen\.m2\repository\org\apache\commons\commons-compress\1.21\commons-compress-1.21.jar;C:\Users\Ghouwen\.m2\repository\io\confluent\kafka-schema-serializer\6.1.1\kafka-schema-serializer-6.1.1.jar;C:\Users\Ghouwen\.m2\repository\io\confluent\kafka-schema-registry-client\6.1.1\kafka-schema-registry-client-6.1.1.jar;C:\Users\Ghouwen\.m2\repository\org\glassfish\jersey\core\jersey-common\2.31\jersey-common-2.31.jar;C:\Users\Ghouwen\.m2\repository\org\glassfish\hk2\external\jakarta.inject\2.6.1\jakarta.inject-2.6.1.jar;C:\Users\Ghouwen\.m2\repository\org\glassfish\hk2\osgi-resource-locator\1.0.3\osgi-resource-locator-1.0.3.jar;C:\Users\Ghouwen\.m2\repository\com\sun\activation\jakarta.activation\1.2.1\jakarta.activation-1.2.1.jar;C:\Users\Ghouwen\.m2\repository\io\swagger\swagger-annotations\1.6.2\swagger-annotations-1.6.2.jar;C:\Users\Ghouwen\.m2\repository\io\confluent\common-utils\6.1.1\common-utils-6.1.1.jar;C:\Users\Ghouwen\.m2\repository\io\quarkus\quarkus-junit5\2.10.3.Final\quarkus-junit5-2.10.3.Final.jar;C:\Users\Ghouwen\.m2\repository\io\quarkus\quarkus-bootstrap-core\2.10.3.Final\quarkus-bootstrap-core-2.10.3.Final.jar;C:\Users\Ghouwen\.m2\repository\io\quarkus\quarkus-bootstrap-app-model\2.10.3.Final\quarkus-bootstrap-app-model-2.10.3.Final.jar;C:\Users\Ghouwen\.m2\repository\io\quarkus\quarkus-bootstrap-maven-resolver\2.10.3.Final\quarkus-bootstrap-maven-resolver-2.10.3.Final.jar;C:\Users\Ghouwen\.m2\repository\org\apache\maven\maven-embedder\3.8.4\maven-embedder-3.8.4.jar;C:\Users\Ghouwen\.m2\repository\org\apache\maven\maven-settings\3.8.4\maven-settings-3.8.4.jar;C:\Users\Ghouwen\.m2\repository\org\apache\maven\maven-core\3.8.4\maven-core-3.8.4.jar;C:\Users\Ghouwen\.m2\repository\org\apache\maven\maven-artifact\3.8.4\maven-artifact-3.8.4.jar;C:\Users\Ghouwen\.m2\repository\org\codehaus\plexus\plexus-component-annotations\2.1.0\plexus-component-annotations-2.1.0.jar;C:\Users\Ghouwen\.m2\repository\org\apache\maven\maven-plugin-api\3.8.4\maven-plugin-api-3.8.4.jar;C:\Users\Ghouwen\.m2\repository\org\apache\maven\maven-model\3.8.4\maven-model-3.8.4.jar;C:\Users\Ghouwen\.m2\repository\org\apache\maven\maven-model-builder\3.8.4\maven-model-builder-3.8.4.jar;C:\Users\Ghouwen\.m2\repository\org\apache\maven\maven-builder-support\3.8.4\maven-builder-support-3.8.4.jar;C:\Users\Ghouwen\.m2\repository\org\apache\maven\resolver\maven-resolver-api\1.6.3\maven-resolver-api-1.6.3.jar;C:\Users\Ghouwen\.m2\repository\org\apache\maven\resolver\maven-resolver-util\1.6.3\maven-resolver-util-1.6.3.jar;C:\Users\Ghouwen\.m2\repository\org\apache\maven\shared\maven-shared-utils\3.3.4\maven-shared-utils-3.3.4.jar;C:\Users\Ghouwen\.m2\repository\commons-io\commons-io\2.11.0\commons-io-2.11.0.jar;C:\Users\Ghouwen\.m2\repository\com\google\inject\guice\4.2.2\guice-4.2.2-no_aop.jar;C:\Users\Ghouwen\.m2\repository\com\google\guava\guava\31.1-jre\guava-31.1-jre.jar;C:\Users\Ghouwen\.m2\repository\com\google\guava\failureaccess\1.0.1\failureaccess-1.0.1.jar;C:\Users\Ghouwen\.m2\repository\org\codehaus\plexus\plexus-classworlds\2.6.0\plexus-classworlds-2.6.0.jar;C:\Users\Ghouwen\.m2\repository\org\codehaus\plexus\plexus-sec-dispatcher\2.0\plexus-sec-dispatcher-2.0.jar;C:\Users\Ghouwen\.m2\repository\org\codehaus\plexus\plexus-cipher\2.0\plexus-cipher-2.0.jar;C:\Users\Ghouwen\.m2\repository\commons-cli\commons-cli\1.4\commons-cli-1.4.jar;C:\Users\Ghouwen\.m2\repository\org\eclipse\sisu\org.eclipse.sisu.plexus\0.3.5\org.eclipse.sisu.plexus-0.3.5.jar;C:\Users\Ghouwen\.m2\repository\org\apache\maven\maven-settings-builder\3.8.4\maven-settings-builder-3.8.4.jar;C:\Users\Ghouwen\.m2\repository\org\codehaus\plexus\plexus-interpolation\1.26\plexus-interpolation-1.26.jar;C:\Users\Ghouwen\.m2\repository\org\apache\maven\maven-resolver-provider\3.8.4\maven-resolver-provider-3.8.4.jar;C:\Users\Ghouwen\.m2\repository\org\apache\maven\maven-repository-metadata\3.8.4\maven-repository-metadata-3.8.4.jar;C:\Users\Ghouwen\.m2\repository\org\apache\maven\resolver\maven-resolver-spi\1.6.3\maven-resolver-spi-1.6.3.jar;C:\Users\Ghouwen\.m2\repository\org\apache\maven\resolver\maven-resolver-impl\1.6.3\maven-resolver-impl-1.6.3.jar;C:\Users\Ghouwen\.m2\repository\org\codehaus\plexus\plexus-utils\3.3.0\plexus-utils-3.3.0.jar;C:\Users\Ghouwen\.m2\repository\org\apache\maven\resolver\maven-resolver-connector-basic\1.6.3\maven-resolver-connector-basic-1.6.3.jar;C:\Users\Ghouwen\.m2\repository\org\apache\maven\resolver\maven-resolver-transport-wagon\1.6.3\maven-resolver-transport-wagon-1.6.3.jar;C:\Users\Ghouwen\.m2\repository\org\apache\maven\wagon\wagon-http\3.4.3\wagon-http-3.4.3.jar;C:\Users\Ghouwen\.m2\repository\org\apache\maven\wagon\wagon-http-shared\3.4.3\wagon-http-shared-3.4.3.jar;C:\Users\Ghouwen\.m2\repository\org\jsoup\jsoup\1.14.2\jsoup-1.14.2.jar;C:\Users\Ghouwen\.m2\repository\org\apache\httpcomponents\httpclient\4.5.13\httpclient-4.5.13.jar;C:\Users\Ghouwen\.m2\repository\commons-codec\commons-codec\1.15\commons-codec-1.15.jar;C:\Users\Ghouwen\.m2\repository\org\apache\httpcomponents\httpcore\4.4.15\httpcore-4.4.15.jar;C:\Users\Ghouwen\.m2\repository\org\apache\maven\wagon\wagon-provider-api\3.4.3\wagon-provider-api-3.4.3.jar;C:\Users\Ghouwen\.m2\repository\org\apache\maven\wagon\wagon-file\3.4.3\wagon-file-3.4.3.jar;C:\Users\Ghouwen\.m2\repository\io\quarkus\quarkus-bootstrap-gradle-resolver\2.10.3.Final\quarkus-bootstrap-gradle-resolver-2.10.3.Final.jar;C:\Users\Ghouwen\.m2\repository\io\smallrye\common\smallrye-common-io\1.13.0\smallrye-common-io-1.13.0.jar;C:\Users\Ghouwen\.m2\repository\org\eclipse\sisu\org.eclipse.sisu.inject\0.3.5\org.eclipse.sisu.inject-0.3.5.jar;C:\Users\Ghouwen\.m2\repository\io\quarkus\quarkus-test-common\2.10.3.Final\quarkus-test-common-2.10.3.Final.jar;C:\Users\Ghouwen\.m2\repository\io\quarkus\quarkus-core-deployment\2.10.3.Final\quarkus-core-deployment-2.10.3.Final.jar;C:\Users\Ghouwen\.m2\repository\org\aesh\readline\2.2\readline-2.2.jar;C:\Users\Ghouwen\.m2\repository\org\fusesource\jansi\jansi\1.18\jansi-1.18.jar;C:\Users\Ghouwen\.m2\repository\org\aesh\aesh\2.6\aesh-2.6.jar;C:\Users\Ghouwen\.m2\repository\org\apache\commons\commons-lang3\3.12.0\commons-lang3-3.12.0.jar;C:\Users\Ghouwen\.m2\repository\io\quarkus\gizmo\gizmo\1.0.11.Final\gizmo-1.0.11.Final.jar;C:\Users\Ghouwen\.m2\repository\org\ow2\asm\asm-util\9.3\asm-util-9.3.jar;C:\Users\Ghouwen\.m2\repository\org\ow2\asm\asm\9.3\asm-9.3.jar;C:\Users\Ghouwen\.m2\repository\org\ow2\asm\asm-commons\9.3\asm-commons-9.3.jar;C:\Users\Ghouwen\.m2\repository\org\ow2\asm\asm-tree\9.3\asm-tree-9.3.jar;C:\Users\Ghouwen\.m2\repository\org\ow2\asm\asm-analysis\9.3\asm-analysis-9.3.jar;C:\Users\Ghouwen\.m2\repository\io\quarkus\quarkus-class-change-agent\2.10.3.Final\quarkus-class-change-agent-2.10.3.Final.jar;C:\Users\Ghouwen\.m2\repository\io\quarkus\quarkus-devtools-utilities\2.10.3.Final\quarkus-devtools-utilities-2.10.3.Final.jar;C:\Users\Ghouwen\.m2\repository\io\quarkus\quarkus-builder\2.10.3.Final\quarkus-builder-2.10.3.Final.jar;C:\Users\Ghouwen\.m2\repository\org\junit\platform\junit-platform-launcher\1.8.2\junit-platform-launcher-1.8.2.jar;C:\Users\Ghouwen\.m2\repository\io\quarkus\quarkus-junit5-properties\2.10.3.Final\quarkus-junit5-properties-2.10.3.Final.jar;C:\Users\Ghouwen\.m2\repository\org\junit\jupiter\junit-jupiter\5.8.2\junit-jupiter-5.8.2.jar;C:\Users\Ghouwen\.m2\repository\org\junit\jupiter\junit-jupiter-api\5.8.2\junit-jupiter-api-5.8.2.jar;C:\Users\Ghouwen\.m2\repository\org\opentest4j\opentest4j\1.2.0\opentest4j-1.2.0.jar;C:\Users\Ghouwen\.m2\repository\org\junit\platform\junit-platform-commons\1.8.2\junit-platform-commons-1.8.2.jar;C:\Users\Ghouwen\.m2\repository\org\apiguardian\apiguardian-api\1.1.2\apiguardian-api-1.1.2.jar;C:\Users\Ghouwen\.m2\repository\org\junit\jupiter\junit-jupiter-params\5.8.2\junit-jupiter-params-5.8.2.jar;C:\Users\Ghouwen\.m2\repository\org\junit\jupiter\junit-jupiter-engine\5.8.2\junit-jupiter-engine-5.8.2.jar;C:\Users\Ghouwen\.m2\repository\org\junit\platform\junit-platform-engine\1.8.2\junit-platform-engine-1.8.2.jar;C:\Users\Ghouwen\.m2\repository\io\quarkus\quarkus-core\2.10.3.Final\quarkus-core-2.10.3.Final.jar;C:\Users\Ghouwen\.m2\repository\jakarta\inject\jakarta.inject-api\1.0\jakarta.inject-api-1.0.jar;C:\Users\Ghouwen\.m2\repository\io\quarkus\quarkus-ide-launcher\2.10.3.Final\quarkus-ide-launcher-2.10.3.Final.jar;C:\Users\Ghouwen\.m2\repository\io\quarkus\quarkus-development-mode-spi\2.10.3.Final\quarkus-development-mode-spi-2.10.3.Final.jar;C:\Users\Ghouwen\.m2\repository\io\smallrye\config\smallrye-config\2.10.1\smallrye-config-2.10.1.jar;C:\Users\Ghouwen\.m2\repository\io\smallrye\config\smallrye-config-core\2.10.1\smallrye-config-core-2.10.1.jar;C:\Users\Ghouwen\.m2\repository\org\eclipse\microprofile\config\microprofile-config-api\2.0.1\microprofile-config-api-2.0.1.jar;C:\Users\Ghouwen\.m2\repository\io\smallrye\common\smallrye-common-expression\1.13.0\smallrye-common-expression-1.13.0.jar;C:\Users\Ghouwen\.m2\repository\io\smallrye\common\smallrye-common-function\1.13.0\smallrye-common-function-1.13.0.jar;C:\Users\Ghouwen\.m2\repository\io\smallrye\common\smallrye-common-classloader\1.13.0\smallrye-common-classloader-1.13.0.jar;C:\Users\Ghouwen\.m2\repository\io\smallrye\config\smallrye-config-common\2.10.1\smallrye-config-common-2.10.1.jar;C:\Users\Ghouwen\.m2\repository\org\jboss\logmanager\jboss-logmanager-embedded\1.0.10\jboss-logmanager-embedded-1.0.10.jar;C:\Users\Ghouwen\.m2\repository\org\jboss\logging\jboss-logging-annotations\2.2.1.Final\jboss-logging-annotations-2.2.1.Final.jar;C:\Users\Ghouwen\.m2\repository\org\jboss\threads\jboss-threads\3.4.2.Final\jboss-threads-3.4.2.Final.jar;C:\Users\Ghouwen\.m2\repository\org\jboss\slf4j\slf4j-jboss-logmanager\1.1.0.Final\slf4j-jboss-logmanager-1.1.0.Final.jar;C:\Users\Ghouwen\.m2\repository\org\graalvm\sdk\graal-sdk\22.1.0\graal-sdk-22.1.0.jar;C:\Users\Ghouwen\.m2\repository\org\wildfly\common\wildfly-common\1.5.4.Final-format-001\wildfly-common-1.5.4.Final-format-001.jar;C:\Users\Ghouwen\.m2\repository\io\quarkus\quarkus-bootstrap-runner\2.10.3.Final\quarkus-bootstrap-runner-2.10.3.Final.jar;C:\Users\Ghouwen\.m2\repository\io\quarkus\quarkus-fs-util\0.0.9\quarkus-fs-util-0.0.9.jar;C:\Users\Ghouwen\.m2\repository\com\thoughtworks\xstream\xstream\1.4.19\xstream-1.4.19.jar;C:\Users\Ghouwen\.m2\repository\io\github\x-stream\mxparser\1.2.2\mxparser-1.2.2.jar;C:\Users\Ghouwen\.m2\repository\xmlpull\xmlpull\1.1.3.1\xmlpull-1.1.3.1.jar;"/>
    <property name="java.vm.vendor" value="Eclipse OpenJ9"/>
    <property name="sun.arch.data.model" value="64"/>
    <property name="com.ibm.vm.bitmode" value="64"/>
    <property name="user.variant" value=""/>
    <property name="com.ibm.oti.vm.library.version" value="29"/>
    <property name="java.vendor.url" value="https://adoptopenjdk.net/"/>
    <property name="user.timezone" value="Europe/Berlin"/>
    <property name="java.vm.specification.version" value="11"/>
    <property name="os.name" value="Windows 10"/>
    <property name="maven.wagon.http.retryHandler.count" value="10"/>
    <property name="sun.java.launcher" value="SUN_STANDARD"/>
    <property name="user.country" value="NL"/>
    <property name="sun.boot.library.path" value="C:\Users\Ghouwen\.jdks\adopt-openj9-11.0.11\bin\default;C:\Users\Ghouwen\.jdks\adopt-openj9-11.0.11\bin"/>
    <property name="sun.java.command" value="C:\Users\Ghouwen\AppData\Local\Temp\1\surefire8478274344211945705\surefirebooter16922874091879161571.jar C:\Users\Ghouwen\AppData\Local\Temp\1\surefire8478274344211945705 2022-08-01T11-17-16_376-jvmRun1 surefire9455250655307742172tmp surefire_08117859444317313063tmp"/>
    <property name="maven.home" value="C:\Code\Maven\bin\.."/>
    <property name="surefire.test.class.path" value="C:\Code\quarkus-quickstarts\kafka-avro-schema-failed\nested-module2\target\test-classes;C:\Code\quarkus-quickstarts\kafka-avro-schema-failed\nested-module2\target\classes;C:\Code\quarkus-quickstarts\kafka-avro-schema-failed\nested-module\target\classes;C:\Users\Ghouwen\.m2\repository\io\quarkus\quarkus-resteasy-reactive\2.10.3.Final\quarkus-resteasy-reactive-2.10.3.Final.jar;C:\Users\Ghouwen\.m2\repository\io\quarkus\quarkus-resteasy-reactive-common\2.10.3.Final\quarkus-resteasy-reactive-common-2.10.3.Final.jar;C:\Users\Ghouwen\.m2\repository\io\quarkus\resteasy\reactive\resteasy-reactive-common\2.10.3.Final\resteasy-reactive-common-2.10.3.Final.jar;C:\Users\Ghouwen\.m2\repository\io\quarkus\quarkus-mutiny\2.10.3.Final\quarkus-mutiny-2.10.3.Final.jar;C:\Users\Ghouwen\.m2\repository\io\quarkus\quarkus-smallrye-context-propagation\2.10.3.Final\quarkus-smallrye-context-propagation-2.10.3.Final.jar;C:\Users\Ghouwen\.m2\repository\io\smallrye\smallrye-context-propagation\1.2.2\smallrye-context-propagation-1.2.2.jar;C:\Users\Ghouwen\.m2\repository\io\smallrye\smallrye-context-propagation-api\1.2.2\smallrye-context-propagation-api-1.2.2.jar;C:\Users\Ghouwen\.m2\repository\io\smallrye\smallrye-context-propagation-storage\1.2.2\smallrye-context-propagation-storage-1.2.2.jar;C:\Users\Ghouwen\.m2\repository\io\smallrye\reactive\mutiny-smallrye-context-propagation\1.6.0\mutiny-smallrye-context-propagation-1.6.0.jar;C:\Users\Ghouwen\.m2\repository\io\quarkus\quarkus-vertx\2.10.3.Final\quarkus-vertx-2.10.3.Final.jar;C:\Users\Ghouwen\.m2\repository\io\quarkus\quarkus-netty\2.10.3.Final\quarkus-netty-2.10.3.Final.jar;C:\Users\Ghouwen\.m2\repository\io\netty\netty-codec\4.1.74.Final\netty-codec-4.1.74.Final.jar;C:\Users\Ghouwen\.m2\repository\io\netty\netty-codec-haproxy\4.1.74.Final\netty-codec-haproxy-4.1.74.Final.jar;C:\Users\Ghouwen\.m2\repository\io\smallrye\smallrye-fault-tolerance-vertx\5.4.1\smallrye-fault-tolerance-vertx-5.4.1.jar;C:\Users\Ghouwen\.m2\repository\io\quarkus\resteasy\reactive\resteasy-reactive-vertx\2.10.3.Final\resteasy-reactive-vertx-2.10.3.Final.jar;C:\Users\Ghouwen\.m2\repository\io\vertx\vertx-web\4.2.7\vertx-web-4.2.7.jar;C:\Users\Ghouwen\.m2\repository\io\vertx\vertx-web-common\4.2.7\vertx-web-common-4.2.7.jar;C:\Users\Ghouwen\.m2\repository\io\vertx\vertx-auth-common\4.2.7\vertx-auth-common-4.2.7.jar;C:\Users\Ghouwen\.m2\repository\io\vertx\vertx-bridge-common\4.2.7\vertx-bridge-common-4.2.7.jar;C:\Users\Ghouwen\.m2\repository\io\smallrye\reactive\smallrye-mutiny-vertx-core\2.22.0\smallrye-mutiny-vertx-core-2.22.0.jar;C:\Users\Ghouwen\.m2\repository\io\smallrye\reactive\smallrye-mutiny-vertx-runtime\2.22.0\smallrye-mutiny-vertx-runtime-2.22.0.jar;C:\Users\Ghouwen\.m2\repository\io\smallrye\reactive\vertx-mutiny-generator\2.22.0\vertx-mutiny-generator-2.22.0.jar;C:\Users\Ghouwen\.m2\repository\io\vertx\vertx-codegen\4.2.7\vertx-codegen-4.2.7.jar;C:\Users\Ghouwen\.m2\repository\io\quarkus\resteasy\reactive\resteasy-reactive\2.10.3.Final\resteasy-reactive-2.10.3.Final.jar;C:\Users\Ghouwen\.m2\repository\jakarta\enterprise\jakarta.enterprise.cdi-api\2.0.2\jakarta.enterprise.cdi-api-2.0.2.jar;C:\Users\Ghouwen\.m2\repository\jakarta\el\jakarta.el-api\3.0.3\jakarta.el-api-3.0.3.jar;C:\Users\Ghouwen\.m2\repository\jakarta\interceptor\jakarta.interceptor-api\1.2.5\jakarta.interceptor-api-1.2.5.jar;C:\Users\Ghouwen\.m2\repository\org\jboss\spec\javax\ws\rs\jboss-jaxrs-api_2.1_spec\2.0.1.Final\jboss-jaxrs-api_2.1_spec-2.0.1.Final.jar;C:\Users\Ghouwen\.m2\repository\org\jboss\logging\commons-logging-jboss-logging\1.0.0.Final\commons-logging-jboss-logging-1.0.0.Final.jar;C:\Users\Ghouwen\.m2\repository\org\jboss\logging\jboss-logging\3.5.0.Final\jboss-logging-3.5.0.Final.jar;C:\Users\Ghouwen\.m2\repository\io\quarkus\quarkus-vertx-http\2.10.3.Final\quarkus-vertx-http-2.10.3.Final.jar;C:\Users\Ghouwen\.m2\repository\io\quarkus\quarkus-security-runtime-spi\2.10.3.Final\quarkus-security-runtime-spi-2.10.3.Final.jar;C:\Users\Ghouwen\.m2\repository\io\smallrye\common\smallrye-common-vertx-context\1.13.0\smallrye-common-vertx-context-1.13.0.jar;C:\Users\Ghouwen\.m2\repository\io\smallrye\common\smallrye-common-constraint\1.13.0\smallrye-common-constraint-1.13.0.jar;C:\Users\Ghouwen\.m2\repository\io\quarkus\quarkus-vertx-http-dev-console-runtime-spi\2.10.3.Final\quarkus-vertx-http-dev-console-runtime-spi-2.10.3.Final.jar;C:\Users\Ghouwen\.m2\repository\io\quarkus\arc\arc\2.10.3.Final\arc-2.10.3.Final.jar;C:\Users\Ghouwen\.m2\repository\jakarta\transaction\jakarta.transaction-api\1.3.3\jakarta.transaction-api-1.3.3.jar;C:\Users\Ghouwen\.m2\repository\io\quarkus\security\quarkus-security\1.1.4.Final\quarkus-security-1.1.4.Final.jar;C:\Users\Ghouwen\.m2\repository\io\smallrye\reactive\smallrye-mutiny-vertx-web\2.22.0\smallrye-mutiny-vertx-web-2.22.0.jar;C:\Users\Ghouwen\.m2\repository\io\smallrye\reactive\smallrye-mutiny-vertx-web-common\2.22.0\smallrye-mutiny-vertx-web-common-2.22.0.jar;C:\Users\Ghouwen\.m2\repository\io\smallrye\reactive\smallrye-mutiny-vertx-auth-common\2.22.0\smallrye-mutiny-vertx-auth-common-2.22.0.jar;C:\Users\Ghouwen\.m2\repository\io\smallrye\reactive\smallrye-mutiny-vertx-bridge-common\2.22.0\smallrye-mutiny-vertx-bridge-common-2.22.0.jar;C:\Users\Ghouwen\.m2\repository\io\github\crac\org-crac\0.1.1\org-crac-0.1.1.jar;C:\Users\Ghouwen\.m2\repository\io\quarkus\quarkus-jsonp\2.10.3.Final\quarkus-jsonp-2.10.3.Final.jar;C:\Users\Ghouwen\.m2\repository\org\glassfish\jakarta.json\1.1.6\jakarta.json-1.1.6.jar;C:\Users\Ghouwen\.m2\repository\io\quarkus\quarkus-smallrye-reactive-messaging-kafka\2.10.3.Final\quarkus-smallrye-reactive-messaging-kafka-2.10.3.Final.jar;C:\Users\Ghouwen\.m2\repository\io\quarkus\quarkus-kafka-client\2.10.3.Final\quarkus-kafka-client-2.10.3.Final.jar;C:\Users\Ghouwen\.m2\repository\io\quarkus\quarkus-arc\2.10.3.Final\quarkus-arc-2.10.3.Final.jar;C:\Users\Ghouwen\.m2\repository\org\eclipse\microprofile\context-propagation\microprofile-context-propagation-api\1.2\microprofile-context-propagation-api-1.2.jar;C:\Users\Ghouwen\.m2\repository\io\quarkus\quarkus-caffeine\2.10.3.Final\quarkus-caffeine-2.10.3.Final.jar;C:\Users\Ghouwen\.m2\repository\com\github\ben-manes\caffeine\caffeine\2.9.3\caffeine-2.9.3.jar;C:\Users\Ghouwen\.m2\repository\com\google\errorprone\error_prone_annotations\2.13.1\error_prone_annotations-2.13.1.jar;C:\Users\Ghouwen\.m2\repository\io\smallrye\reactive\smallrye-reactive-messaging-kafka\3.17.0\smallrye-reactive-messaging-kafka-3.17.0.jar;C:\Users\Ghouwen\.m2\repository\io\smallrye\reactive\smallrye-reactive-messaging-kafka-api\3.17.0\smallrye-reactive-messaging-kafka-api-3.17.0.jar;C:\Users\Ghouwen\.m2\repository\io\opentelemetry\opentelemetry-api\1.13.0\opentelemetry-api-1.13.0.jar;C:\Users\Ghouwen\.m2\repository\io\opentelemetry\opentelemetry-context\1.13.0\opentelemetry-context-1.13.0.jar;C:\Users\Ghouwen\.m2\repository\io\opentelemetry\opentelemetry-semconv\1.13.0-alpha\opentelemetry-semconv-1.13.0-alpha.jar;C:\Users\Ghouwen\.m2\repository\io\smallrye\reactive\smallrye-reactive-converter-api\2.7.0\smallrye-reactive-converter-api-2.7.0.jar;C:\Users\Ghouwen\.m2\repository\org\reactivestreams\reactive-streams\1.0.3\reactive-streams-1.0.3.jar;C:\Users\Ghouwen\.m2\repository\io\smallrye\reactive\mutiny\1.6.0\mutiny-1.6.0.jar;C:\Users\Ghouwen\.m2\repository\io\quarkus\quarkus-jackson\2.10.3.Final\quarkus-jackson-2.10.3.Final.jar;C:\Users\Ghouwen\.m2\repository\com\fasterxml\jackson\core\jackson-databind\2.13.3\jackson-databind-2.13.3.jar;C:\Users\Ghouwen\.m2\repository\com\fasterxml\jackson\core\jackson-annotations\2.13.3\jackson-annotations-2.13.3.jar;C:\Users\Ghouwen\.m2\repository\com\fasterxml\jackson\datatype\jackson-datatype-jsr310\2.13.3\jackson-datatype-jsr310-2.13.3.jar;C:\Users\Ghouwen\.m2\repository\com\fasterxml\jackson\datatype\jackson-datatype-jdk8\2.13.3\jackson-datatype-jdk8-2.13.3.jar;C:\Users\Ghouwen\.m2\repository\com\fasterxml\jackson\module\jackson-module-parameter-names\2.13.3\jackson-module-parameter-names-2.13.3.jar;C:\Users\Ghouwen\.m2\repository\org\apache\kafka\kafka-clients\3.1.0\kafka-clients-3.1.0.jar;C:\Users\Ghouwen\.m2\repository\com\github\luben\zstd-jni\1.5.0-4\zstd-jni-1.5.0-4.jar;C:\Users\Ghouwen\.m2\repository\org\lz4\lz4-java\1.8.0\lz4-java-1.8.0.jar;C:\Users\Ghouwen\.m2\repository\org\xerial\snappy\snappy-java\1.1.8.4\snappy-java-1.1.8.4.jar;C:\Users\Ghouwen\.m2\repository\org\slf4j\slf4j-api\1.7.36\slf4j-api-1.7.36.jar;C:\Users\Ghouwen\.m2\repository\io\vertx\vertx-kafka-client\4.2.7\vertx-kafka-client-4.2.7.jar;C:\Users\Ghouwen\.m2\repository\io\vertx\vertx-core\4.2.7\vertx-core-4.2.7.jar;C:\Users\Ghouwen\.m2\repository\io\netty\netty-common\4.1.74.Final\netty-common-4.1.74.Final.jar;C:\Users\Ghouwen\.m2\repository\io\netty\netty-buffer\4.1.74.Final\netty-buffer-4.1.74.Final.jar;C:\Users\Ghouwen\.m2\repository\io\netty\netty-transport\4.1.74.Final\netty-transport-4.1.74.Final.jar;C:\Users\Ghouwen\.m2\repository\io\netty\netty-handler\4.1.74.Final\netty-handler-4.1.74.Final.jar;C:\Users\Ghouwen\.m2\repository\io\netty\netty-tcnative-classes\2.0.48.Final\netty-tcnative-classes-2.0.48.Final.jar;C:\Users\Ghouwen\.m2\repository\io\netty\netty-handler-proxy\4.1.74.Final\netty-handler-proxy-4.1.74.Final.jar;C:\Users\Ghouwen\.m2\repository\io\netty\netty-codec-socks\4.1.74.Final\netty-codec-socks-4.1.74.Final.jar;C:\Users\Ghouwen\.m2\repository\io\netty\netty-codec-http\4.1.74.Final\netty-codec-http-4.1.74.Final.jar;C:\Users\Ghouwen\.m2\repository\io\netty\netty-codec-http2\4.1.74.Final\netty-codec-http2-4.1.74.Final.jar;C:\Users\Ghouwen\.m2\repository\io\netty\netty-resolver\4.1.74.Final\netty-resolver-4.1.74.Final.jar;C:\Users\Ghouwen\.m2\repository\io\netty\netty-resolver-dns\4.1.74.Final\netty-resolver-dns-4.1.74.Final.jar;C:\Users\Ghouwen\.m2\repository\io\netty\netty-codec-dns\4.1.74.Final\netty-codec-dns-4.1.74.Final.jar;C:\Users\Ghouwen\.m2\repository\io\quarkus\quarkus-smallrye-reactive-messaging\2.10.3.Final\quarkus-smallrye-reactive-messaging-2.10.3.Final.jar;C:\Users\Ghouwen\.m2\repository\io\quarkus\quarkus-mutiny-reactive-streams-operators\2.10.3.Final\quarkus-mutiny-reactive-streams-operators-2.10.3.Final.jar;C:\Users\Ghouwen\.m2\repository\org\eclipse\microprofile\reactive-streams-operators\microprofile-reactive-streams-operators-api\1.0.1\microprofile-reactive-streams-operators-api-1.0.1.jar;C:\Users\Ghouwen\.m2\repository\org\eclipse\microprofile\reactive-streams-operators\microprofile-reactive-streams-operators-core\1.0.1\microprofile-reactive-streams-operators-core-1.0.1.jar;C:\Users\Ghouwen\.m2\repository\io\smallrye\reactive\mutiny-reactive-streams-operators\1.6.0\mutiny-reactive-streams-operators-1.6.0.jar;C:\Users\Ghouwen\.m2\repository\io\quarkus\quarkus-smallrye-reactive-messaging-kotlin\2.10.3.Final\quarkus-smallrye-reactive-messaging-kotlin-2.10.3.Final.jar;C:\Users\Ghouwen\.m2\repository\io\smallrye\common\smallrye-common-annotation\1.13.0\smallrye-common-annotation-1.13.0.jar;C:\Users\Ghouwen\.m2\repository\io\smallrye\reactive\smallrye-reactive-messaging-health\3.17.0\smallrye-reactive-messaging-health-3.17.0.jar;C:\Users\Ghouwen\.m2\repository\org\eclipse\microprofile\health\microprofile-health-api\3.1\microprofile-health-api-3.1.jar;C:\Users\Ghouwen\.m2\repository\io\smallrye\reactive\smallrye-reactive-messaging-provider\3.17.0\smallrye-reactive-messaging-provider-3.17.0.jar;C:\Users\Ghouwen\.m2\repository\io\smallrye\reactive\smallrye-reactive-messaging-api\3.17.0\smallrye-reactive-messaging-api-3.17.0.jar;C:\Users\Ghouwen\.m2\repository\jakarta\annotation\jakarta.annotation-api\1.3.5\jakarta.annotation-api-1.3.5.jar;C:\Users\Ghouwen\.m2\repository\io\quarkus\quarkus-resteasy-reactive-jackson\2.10.3.Final\quarkus-resteasy-reactive-jackson-2.10.3.Final.jar;C:\Users\Ghouwen\.m2\repository\io\quarkus\quarkus-resteasy-reactive-jackson-common\2.10.3.Final\quarkus-resteasy-reactive-jackson-common-2.10.3.Final.jar;C:\Users\Ghouwen\.m2\repository\io\quarkus\resteasy\reactive\resteasy-reactive-jackson\2.10.3.Final\resteasy-reactive-jackson-2.10.3.Final.jar;C:\Users\Ghouwen\.m2\repository\io\quarkus\quarkus-confluent-registry-avro\2.10.3.Final\quarkus-confluent-registry-avro-2.10.3.Final.jar;C:\Users\Ghouwen\.m2\repository\io\quarkus\quarkus-avro\2.10.3.Final\quarkus-avro-2.10.3.Final.jar;C:\Users\Ghouwen\.m2\repository\io\quarkus\quarkus-confluent-registry-common\2.10.3.Final\quarkus-confluent-registry-common-2.10.3.Final.jar;C:\Users\Ghouwen\.m2\repository\io\quarkus\quarkus-schema-registry-devservice\2.10.3.Final\quarkus-schema-registry-devservice-2.10.3.Final.jar;C:\Users\Ghouwen\.m2\repository\io\quarkus\quarkus-rest-client-reactive\2.10.3.Final\quarkus-rest-client-reactive-2.10.3.Final.jar;C:\Users\Ghouwen\.m2\repository\io\quarkus\quarkus-jaxrs-client-reactive\2.10.3.Final\quarkus-jaxrs-client-reactive-2.10.3.Final.jar;C:\Users\Ghouwen\.m2\repository\io\quarkus\resteasy\reactive\resteasy-reactive-client\2.10.3.Final\resteasy-reactive-client-2.10.3.Final.jar;C:\Users\Ghouwen\.m2\repository\io\vertx\vertx-web-client\4.2.7\vertx-web-client-4.2.7.jar;C:\Users\Ghouwen\.m2\repository\io\quarkus\quarkus-smallrye-stork\2.10.3.Final\quarkus-smallrye-stork-2.10.3.Final.jar;C:\Users\Ghouwen\.m2\repository\io\quarkus\quarkus-rest-client-config\2.10.3.Final\quarkus-rest-client-config-2.10.3.Final.jar;C:\Users\Ghouwen\.m2\repository\org\jboss\jandex\2.4.2.Final\jandex-2.4.2.Final.jar;C:\Users\Ghouwen\.m2\repository\io\smallrye\stork\stork-api\1.1.2\stork-api-1.1.2.jar;C:\Users\Ghouwen\.m2\repository\io\smallrye\stork\stork-core\1.1.2\stork-core-1.1.2.jar;C:\Users\Ghouwen\.m2\repository\org\eclipse\microprofile\rest\client\microprofile-rest-client-api\2.0\microprofile-rest-client-api-2.0.jar;C:\Users\Ghouwen\.m2\repository\io\confluent\kafka-avro-serializer\6.1.1\kafka-avro-serializer-6.1.1.jar;C:\Users\Ghouwen\.m2\repository\org\apache\avro\avro\1.11.0\avro-1.11.0.jar;C:\Users\Ghouwen\.m2\repository\com\fasterxml\jackson\core\jackson-core\2.13.3\jackson-core-2.13.3.jar;C:\Users\Ghouwen\.m2\repository\org\apache\commons\commons-compress\1.21\commons-compress-1.21.jar;C:\Users\Ghouwen\.m2\repository\io\confluent\kafka-schema-serializer\6.1.1\kafka-schema-serializer-6.1.1.jar;C:\Users\Ghouwen\.m2\repository\io\confluent\kafka-schema-registry-client\6.1.1\kafka-schema-registry-client-6.1.1.jar;C:\Users\Ghouwen\.m2\repository\org\glassfish\jersey\core\jersey-common\2.31\jersey-common-2.31.jar;C:\Users\Ghouwen\.m2\repository\org\glassfish\hk2\external\jakarta.inject\2.6.1\jakarta.inject-2.6.1.jar;C:\Users\Ghouwen\.m2\repository\org\glassfish\hk2\osgi-resource-locator\1.0.3\osgi-resource-locator-1.0.3.jar;C:\Users\Ghouwen\.m2\repository\com\sun\activation\jakarta.activation\1.2.1\jakarta.activation-1.2.1.jar;C:\Users\Ghouwen\.m2\repository\io\swagger\swagger-annotations\1.6.2\swagger-annotations-1.6.2.jar;C:\Users\Ghouwen\.m2\repository\io\confluent\common-utils\6.1.1\common-utils-6.1.1.jar;C:\Users\Ghouwen\.m2\repository\io\quarkus\quarkus-junit5\2.10.3.Final\quarkus-junit5-2.10.3.Final.jar;C:\Users\Ghouwen\.m2\repository\io\quarkus\quarkus-bootstrap-core\2.10.3.Final\quarkus-bootstrap-core-2.10.3.Final.jar;C:\Users\Ghouwen\.m2\repository\io\quarkus\quarkus-bootstrap-app-model\2.10.3.Final\quarkus-bootstrap-app-model-2.10.3.Final.jar;C:\Users\Ghouwen\.m2\repository\io\quarkus\quarkus-bootstrap-maven-resolver\2.10.3.Final\quarkus-bootstrap-maven-resolver-2.10.3.Final.jar;C:\Users\Ghouwen\.m2\repository\org\apache\maven\maven-embedder\3.8.4\maven-embedder-3.8.4.jar;C:\Users\Ghouwen\.m2\repository\org\apache\maven\maven-settings\3.8.4\maven-settings-3.8.4.jar;C:\Users\Ghouwen\.m2\repository\org\apache\maven\maven-core\3.8.4\maven-core-3.8.4.jar;C:\Users\Ghouwen\.m2\repository\org\apache\maven\maven-artifact\3.8.4\maven-artifact-3.8.4.jar;C:\Users\Ghouwen\.m2\repository\org\codehaus\plexus\plexus-component-annotations\2.1.0\plexus-component-annotations-2.1.0.jar;C:\Users\Ghouwen\.m2\repository\org\apache\maven\maven-plugin-api\3.8.4\maven-plugin-api-3.8.4.jar;C:\Users\Ghouwen\.m2\repository\org\apache\maven\maven-model\3.8.4\maven-model-3.8.4.jar;C:\Users\Ghouwen\.m2\repository\org\apache\maven\maven-model-builder\3.8.4\maven-model-builder-3.8.4.jar;C:\Users\Ghouwen\.m2\repository\org\apache\maven\maven-builder-support\3.8.4\maven-builder-support-3.8.4.jar;C:\Users\Ghouwen\.m2\repository\org\apache\maven\resolver\maven-resolver-api\1.6.3\maven-resolver-api-1.6.3.jar;C:\Users\Ghouwen\.m2\repository\org\apache\maven\resolver\maven-resolver-util\1.6.3\maven-resolver-util-1.6.3.jar;C:\Users\Ghouwen\.m2\repository\org\apache\maven\shared\maven-shared-utils\3.3.4\maven-shared-utils-3.3.4.jar;C:\Users\Ghouwen\.m2\repository\commons-io\commons-io\2.11.0\commons-io-2.11.0.jar;C:\Users\Ghouwen\.m2\repository\com\google\inject\guice\4.2.2\guice-4.2.2-no_aop.jar;C:\Users\Ghouwen\.m2\repository\com\google\guava\guava\31.1-jre\guava-31.1-jre.jar;C:\Users\Ghouwen\.m2\repository\com\google\guava\failureaccess\1.0.1\failureaccess-1.0.1.jar;C:\Users\Ghouwen\.m2\repository\org\codehaus\plexus\plexus-classworlds\2.6.0\plexus-classworlds-2.6.0.jar;C:\Users\Ghouwen\.m2\repository\org\codehaus\plexus\plexus-sec-dispatcher\2.0\plexus-sec-dispatcher-2.0.jar;C:\Users\Ghouwen\.m2\repository\org\codehaus\plexus\plexus-cipher\2.0\plexus-cipher-2.0.jar;C:\Users\Ghouwen\.m2\repository\commons-cli\commons-cli\1.4\commons-cli-1.4.jar;C:\Users\Ghouwen\.m2\repository\org\eclipse\sisu\org.eclipse.sisu.plexus\0.3.5\org.eclipse.sisu.plexus-0.3.5.jar;C:\Users\Ghouwen\.m2\repository\org\apache\maven\maven-settings-builder\3.8.4\maven-settings-builder-3.8.4.jar;C:\Users\Ghouwen\.m2\repository\org\codehaus\plexus\plexus-interpolation\1.26\plexus-interpolation-1.26.jar;C:\Users\Ghouwen\.m2\repository\org\apache\maven\maven-resolver-provider\3.8.4\maven-resolver-provider-3.8.4.jar;C:\Users\Ghouwen\.m2\repository\org\apache\maven\maven-repository-metadata\3.8.4\maven-repository-metadata-3.8.4.jar;C:\Users\Ghouwen\.m2\repository\org\apache\maven\resolver\maven-resolver-spi\1.6.3\maven-resolver-spi-1.6.3.jar;C:\Users\Ghouwen\.m2\repository\org\apache\maven\resolver\maven-resolver-impl\1.6.3\maven-resolver-impl-1.6.3.jar;C:\Users\Ghouwen\.m2\repository\org\codehaus\plexus\plexus-utils\3.3.0\plexus-utils-3.3.0.jar;C:\Users\Ghouwen\.m2\repository\org\apache\maven\resolver\maven-resolver-connector-basic\1.6.3\maven-resolver-connector-basic-1.6.3.jar;C:\Users\Ghouwen\.m2\repository\org\apache\maven\resolver\maven-resolver-transport-wagon\1.6.3\maven-resolver-transport-wagon-1.6.3.jar;C:\Users\Ghouwen\.m2\repository\org\apache\maven\wagon\wagon-http\3.4.3\wagon-http-3.4.3.jar;C:\Users\Ghouwen\.m2\repository\org\apache\maven\wagon\wagon-http-shared\3.4.3\wagon-http-shared-3.4.3.jar;C:\Users\Ghouwen\.m2\repository\org\jsoup\jsoup\1.14.2\jsoup-1.14.2.jar;C:\Users\Ghouwen\.m2\repository\org\apache\httpcomponents\httpclient\4.5.13\httpclient-4.5.13.jar;C:\Users\Ghouwen\.m2\repository\commons-codec\commons-codec\1.15\commons-codec-1.15.jar;C:\Users\Ghouwen\.m2\repository\org\apache\httpcomponents\httpcore\4.4.15\httpcore-4.4.15.jar;C:\Users\Ghouwen\.m2\repository\org\apache\maven\wagon\wagon-provider-api\3.4.3\wagon-provider-api-3.4.3.jar;C:\Users\Ghouwen\.m2\repository\org\apache\maven\wagon\wagon-file\3.4.3\wagon-file-3.4.3.jar;C:\Users\Ghouwen\.m2\repository\io\quarkus\quarkus-bootstrap-gradle-resolver\2.10.3.Final\quarkus-bootstrap-gradle-resolver-2.10.3.Final.jar;C:\Users\Ghouwen\.m2\repository\io\smallrye\common\smallrye-common-io\1.13.0\smallrye-common-io-1.13.0.jar;C:\Users\Ghouwen\.m2\repository\org\eclipse\sisu\org.eclipse.sisu.inject\0.3.5\org.eclipse.sisu.inject-0.3.5.jar;C:\Users\Ghouwen\.m2\repository\io\quarkus\quarkus-test-common\2.10.3.Final\quarkus-test-common-2.10.3.Final.jar;C:\Users\Ghouwen\.m2\repository\io\quarkus\quarkus-core-deployment\2.10.3.Final\quarkus-core-deployment-2.10.3.Final.jar;C:\Users\Ghouwen\.m2\repository\org\aesh\readline\2.2\readline-2.2.jar;C:\Users\Ghouwen\.m2\repository\org\fusesource\jansi\jansi\1.18\jansi-1.18.jar;C:\Users\Ghouwen\.m2\repository\org\aesh\aesh\2.6\aesh-2.6.jar;C:\Users\Ghouwen\.m2\repository\org\apache\commons\commons-lang3\3.12.0\commons-lang3-3.12.0.jar;C:\Users\Ghouwen\.m2\repository\io\quarkus\gizmo\gizmo\1.0.11.Final\gizmo-1.0.11.Final.jar;C:\Users\Ghouwen\.m2\repository\org\ow2\asm\asm-util\9.3\asm-util-9.3.jar;C:\Users\Ghouwen\.m2\repository\org\ow2\asm\asm\9.3\asm-9.3.jar;C:\Users\Ghouwen\.m2\repository\org\ow2\asm\asm-commons\9.3\asm-commons-9.3.jar;C:\Users\Ghouwen\.m2\repository\org\ow2\asm\asm-tree\9.3\asm-tree-9.3.jar;C:\Users\Ghouwen\.m2\repository\org\ow2\asm\asm-analysis\9.3\asm-analysis-9.3.jar;C:\Users\Ghouwen\.m2\repository\io\quarkus\quarkus-class-change-agent\2.10.3.Final\quarkus-class-change-agent-2.10.3.Final.jar;C:\Users\Ghouwen\.m2\repository\io\quarkus\quarkus-devtools-utilities\2.10.3.Final\quarkus-devtools-utilities-2.10.3.Final.jar;C:\Users\Ghouwen\.m2\repository\io\quarkus\quarkus-builder\2.10.3.Final\quarkus-builder-2.10.3.Final.jar;C:\Users\Ghouwen\.m2\repository\org\junit\platform\junit-platform-launcher\1.8.2\junit-platform-launcher-1.8.2.jar;C:\Users\Ghouwen\.m2\repository\io\quarkus\quarkus-junit5-properties\2.10.3.Final\quarkus-junit5-properties-2.10.3.Final.jar;C:\Users\Ghouwen\.m2\repository\org\junit\jupiter\junit-jupiter\5.8.2\junit-jupiter-5.8.2.jar;C:\Users\Ghouwen\.m2\repository\org\junit\jupiter\junit-jupiter-api\5.8.2\junit-jupiter-api-5.8.2.jar;C:\Users\Ghouwen\.m2\repository\org\opentest4j\opentest4j\1.2.0\opentest4j-1.2.0.jar;C:\Users\Ghouwen\.m2\repository\org\junit\platform\junit-platform-commons\1.8.2\junit-platform-commons-1.8.2.jar;C:\Users\Ghouwen\.m2\repository\org\apiguardian\apiguardian-api\1.1.2\apiguardian-api-1.1.2.jar;C:\Users\Ghouwen\.m2\repository\org\junit\jupiter\junit-jupiter-params\5.8.2\junit-jupiter-params-5.8.2.jar;C:\Users\Ghouwen\.m2\repository\org\junit\jupiter\junit-jupiter-engine\5.8.2\junit-jupiter-engine-5.8.2.jar;C:\Users\Ghouwen\.m2\repository\org\junit\platform\junit-platform-engine\1.8.2\junit-platform-engine-1.8.2.jar;C:\Users\Ghouwen\.m2\repository\io\quarkus\quarkus-core\2.10.3.Final\quarkus-core-2.10.3.Final.jar;C:\Users\Ghouwen\.m2\repository\jakarta\inject\jakarta.inject-api\1.0\jakarta.inject-api-1.0.jar;C:\Users\Ghouwen\.m2\repository\io\quarkus\quarkus-ide-launcher\2.10.3.Final\quarkus-ide-launcher-2.10.3.Final.jar;C:\Users\Ghouwen\.m2\repository\io\quarkus\quarkus-development-mode-spi\2.10.3.Final\quarkus-development-mode-spi-2.10.3.Final.jar;C:\Users\Ghouwen\.m2\repository\io\smallrye\config\smallrye-config\2.10.1\smallrye-config-2.10.1.jar;C:\Users\Ghouwen\.m2\repository\io\smallrye\config\smallrye-config-core\2.10.1\smallrye-config-core-2.10.1.jar;C:\Users\Ghouwen\.m2\repository\org\eclipse\microprofile\config\microprofile-config-api\2.0.1\microprofile-config-api-2.0.1.jar;C:\Users\Ghouwen\.m2\repository\io\smallrye\common\smallrye-common-expression\1.13.0\smallrye-common-expression-1.13.0.jar;C:\Users\Ghouwen\.m2\repository\io\smallrye\common\smallrye-common-function\1.13.0\smallrye-common-function-1.13.0.jar;C:\Users\Ghouwen\.m2\repository\io\smallrye\common\smallrye-common-classloader\1.13.0\smallrye-common-classloader-1.13.0.jar;C:\Users\Ghouwen\.m2\repository\io\smallrye\config\smallrye-config-common\2.10.1\smallrye-config-common-2.10.1.jar;C:\Users\Ghouwen\.m2\repository\org\jboss\logmanager\jboss-logmanager-embedded\1.0.10\jboss-logmanager-embedded-1.0.10.jar;C:\Users\Ghouwen\.m2\repository\org\jboss\logging\jboss-logging-annotations\2.2.1.Final\jboss-logging-annotations-2.2.1.Final.jar;C:\Users\Ghouwen\.m2\repository\org\jboss\threads\jboss-threads\3.4.2.Final\jboss-threads-3.4.2.Final.jar;C:\Users\Ghouwen\.m2\repository\org\jboss\slf4j\slf4j-jboss-logmanager\1.1.0.Final\slf4j-jboss-logmanager-1.1.0.Final.jar;C:\Users\Ghouwen\.m2\repository\org\graalvm\sdk\graal-sdk\22.1.0\graal-sdk-22.1.0.jar;C:\Users\Ghouwen\.m2\repository\org\wildfly\common\wildfly-common\1.5.4.Final-format-001\wildfly-common-1.5.4.Final-format-001.jar;C:\Users\Ghouwen\.m2\repository\io\quarkus\quarkus-bootstrap-runner\2.10.3.Final\quarkus-bootstrap-runner-2.10.3.Final.jar;C:\Users\Ghouwen\.m2\repository\io\quarkus\quarkus-fs-util\0.0.9\quarkus-fs-util-0.0.9.jar;C:\Users\Ghouwen\.m2\repository\com\thoughtworks\xstream\xstream\1.4.19\xstream-1.4.19.jar;C:\Users\Ghouwen\.m2\repository\io\github\x-stream\mxparser\1.2.2\mxparser-1.2.2.jar;C:\Users\Ghouwen\.m2\repository\xmlpull\xmlpull\1.1.3.1\xmlpull-1.1.3.1.jar;"/>
    <property name="sun.cpu.endian" value="little"/>
    <property name="user.home" value="C:\Users\Ghouwen"/>
    <property name="user.language" value="nl"/>
    <property name="java.specification.vendor" value="Oracle Corporation"/>
    <property name="io.netty.allocator.maxOrder" value="3"/>
    <property name="java.version.date" value="2021-04-20"/>
    <property name="java.home" value="C:\Users\Ghouwen\.jdks\adopt-openj9-11.0.11"/>
    <property name="ibm.signalhandling.rs" value="false"/>
    <property name="jdk.extensions.name" value="Extensions for OpenJDK for Eclipse OpenJ9"/>
    <property name="file.separator" value="\"/>
    <property name="basedir" value="C:\Code\quarkus-quickstarts\kafka-avro-schema-failed\nested-module2"/>
    <property name="line.separator" value="&#10;"/>
    <property name="maven.wagon.http.retryHandler.requestSentEnabled" value="true"/>
    <property name="java.specification.name" value="Java Platform API Specification"/>
    <property name="java.vm.specification.vendor" value="Oracle Corporation"/>
    <property name="java.compiler" value="j9jit29"/>
    <property name="com.ibm.util.extralibs.properties" value=""/>
    <property name="java.awt.graphicsenv" value="sun.awt.Win32GraphicsEnvironment"/>
    <property name="com.ibm.oti.configuration" value="scar"/>
    <property name="java.awt.fonts" value=""/>
    <property name="surefire.real.class.path" value="C:\Users\Ghouwen\AppData\Local\Temp\1\surefire8478274344211945705\surefirebooter16922874091879161571.jar"/>
    <property name="com.ibm.oti.shared.enabled" value="false"/>
    <property name="com.ibm.oti.vm.bootstrap.library.path" value="C:\Users\Ghouwen\.jdks\adopt-openj9-11.0.11\bin\default;C:\Users\Ghouwen\.jdks\adopt-openj9-11.0.11\bin"/>
    <property name="com.ibm.cpu.endian" value="little"/>
    <property name="java.fullversion" value="11.0.11+9&#10;JRE 11 Windows 10 amd64-64-Bit Compressed References 20210421_976 (JIT enabled, AOT enabled)&#10;OpenJ9   - b4cc246d9&#10;OMR      - 162e6f729&#10;JCL      - 7796c80419 based on jdk-11.0.11+9"/>
    <property name="java.runtime.version" value="11.0.11+9"/>
    <property name="user.name" value="ghouwen"/>
    <property name="path.separator" value=";"/>
    <property name="os.version" value="10.0"/>
    <property name="java.runtime.name" value="OpenJDK Runtime Environment"/>
    <property name="ibm.signalhandling.sigint" value="true"/>
    <property name="file.encoding" value="Cp1252"/>
    <property name="java.vm.name" value="Eclipse OpenJ9 VM"/>
    <property name="java.vendor.version" value="AdoptOpenJDK-11.0.11+9"/>
    <property name="ibm.signalhandling.sigchain" value="true"/>
    <property name="localRepository" value="C:\Users\Ghouwen\.m2\repository"/>
    <property name="java.vendor.url.bug" value="https://github.com/AdoptOpenJDK/openjdk-support/issues"/>
    <property name="maven.wagon.httpconnectionManager.ttlSeconds" value="120"/>
    <property name="java.io.tmpdir" value="C:\Users\Ghouwen\AppData\Local\Temp\1\"/>
    <property name="quarkus.log.file.path" value="target\quarkus.log"/>
    <property name="java.version" value="11.0.11"/>
    <property name="java.util.concurrent.ForkJoinPool.common.threadFactory" value="io.quarkus.bootstrap.forkjoin.QuarkusForkJoinWorkerThreadFactory"/>
    <property name="com.ibm.system.agent.path" value="C:\Users\Ghouwen\.jdks\adopt-openj9-11.0.11\bin"/>
    <property name="user.dir" value="C:\Code\quarkus-quickstarts\kafka-avro-schema-failed\nested-module2"/>
    <property name="os.arch" value="amd64"/>
    <property name="java.vm.specification.name" value="Java Virtual Machine Specification"/>
    <property name="vertx.disableDnsResolver" value="true"/>
    <property name="java.awt.printerjob" value="sun.awt.windows.WPrinterJob"/>
    <property name="os.encoding" value="UTF8"/>
    <property name="java.util.logging.manager" value="org.jboss.logmanager.LogManager"/>
    <property name="java.library.path" value="C:\Users\Ghouwen\.jdks\adopt-openj9-11.0.11\bin\default;C:\Users\Ghouwen\.jdks\adopt-openj9-11.0.11\bin;C:\WINDOWS\system32;C:\WINDOWS;C:\WINDOWS\System32\WindowsPowerShell\v1.0\;C:\WINDOWS\System32\Wbem;C:\WINDOWS;C:\Python310\Scripts\;C:\Python310\;C:\Program Files (x86)\Microsoft SDKs\Azure\CLI2\wbin;C:\Code\Maven\bin;C:\Users\Ghouwen\.jdks\adopt-openj9-11.0.11\bin;C:\Windows\System32;C:\Windows\System32\OpenSSH;C:\Program Files\Kubectl;C:\windows\system32\config\systemprofile\AppData\Local\Microsoft\WindowsApps;C:\Program Files\nodejs\;C:\ProgramData\chocolatey\bin;c:\program files (x86)\adaptiva\AdaptivaClient\bin\x32;c:\program files (x86)\adaptiva\AdaptivaClient\bin\x64;C:\Program Files\Docker\Docker\resources\bin;C:\ProgramData\DockerDesktop\version-bin;C:\WINDOWS\system32;C:\WINDOWS;C:\WINDOWS\System32\Wbem;C:\WINDOWS\System32\WindowsPowerShell\v1.0\;C:\WINDOWS\System32\OpenSSH\;C:\Users\Ghouwen\AppData\Local\Microsoft\WindowsApps;C:\Users\Ghouwen\AppData\Local\Programs\Git\cmd;C:\Users\Ghouwen\AppData\Roaming\npm;;."/>
    <property name="java.vm.info" value="JRE 11 Windows 10 amd64-64-Bit Compressed References 20210421_976 (JIT enabled, AOT enabled)&#10;OpenJ9   - b4cc246d9&#10;OMR      - 162e6f729&#10;JCL      - 7796c80419 based on jdk-11.0.11+9"/>
    <property name="java.vendor" value="AdoptOpenJDK"/>
    <property name="vertx.disableTCCL" value="true"/>
    <property name="java.vm.version" value="openj9-0.26.0"/>
    <property name="ibm.system.encoding" value="Cp1252"/>
    <property name="com.ibm.jcl.checkClassPath" value=""/>
    <property name="sun.io.unicode.encoding" value="UnicodeLittle"/>
    <property name="io.netty.machineId" value="44:af:ad:50:15:b0:7a:96"/>
    <property name="java.class.version" value="55.0"/>
  </properties>
  <testcase name="test_serialization" classname="org.acme.kafka.SerializeTest" time="0.385">
    <error type="java.lang.ClassCastException"><![CDATA[java.lang.ClassCastException: org.apache.avro.generic.GenericData$Record incompatible with org.acme.kafka.quarkus.Movie
	at org.acme.kafka.SerializeTest.test_serialization(SerializeTest.java:33)
]]></error>
    <system-out><![CDATA[2022-08-01 11:17:58,292 INFO  [org.jbo.threads] (main) JBoss Threads version 3.4.2.Final
2022-08-01 11:18:01,268 INFO  [io.quarkus] (main) nested-module2 1.0.0-SNAPSHOT on JVM (powered by Quarkus 2.10.3.Final) started in 4.771s. Listening on: http://localhost:8081
2022-08-01 11:18:01,268 INFO  [io.quarkus] (main) Profile test activated. 
2022-08-01 11:18:01,268 INFO  [io.quarkus] (main) Installed features: [cdi, confluent-registry-avro, kafka-client, rest-client-reactive, resteasy-reactive, resteasy-reactive-jackson, smallrye-context-propagation, smallrye-reactive-messaging, smallrye-reactive-messaging-kafka, vertx]
2022-08-01 11:18:01,330 INFO  [io.con.kaf.ser.KafkaAvroSerializerConfig] (main) KafkaAvroSerializerConfig values: 
	auto.register.schemas = true
	avro.remove.java.properties = false
	basic.auth.credentials.source = URL
	basic.auth.user.info = [hidden]
	bearer.auth.credentials.source = STATIC_TOKEN
	bearer.auth.token = [hidden]
	key.subject.name.strategy = class io.confluent.kafka.serializers.subject.TopicNameStrategy
	latest.compatibility.strict = true
	max.schemas.per.subject = 1000
	proxy.host = 
	proxy.port = -1
	schema.reflection = false
	schema.registry.basic.auth.user.info = [hidden]
	schema.registry.ssl.cipher.suites = null
	schema.registry.ssl.enabled.protocols = [TLSv1.2, TLSv1.3]
	schema.registry.ssl.endpoint.identification.algorithm = https
	schema.registry.ssl.engine.factory.class = null
	schema.registry.ssl.key.password = null
	schema.registry.ssl.keymanager.algorithm = SunX509
	schema.registry.ssl.keystore.certificate.chain = null
	schema.registry.ssl.keystore.key = null
	schema.registry.ssl.keystore.location = null
	schema.registry.ssl.keystore.password = null
	schema.registry.ssl.keystore.type = JKS
	schema.registry.ssl.protocol = TLSv1.3
	schema.registry.ssl.provider = null
	schema.registry.ssl.secure.random.implementation = null
	schema.registry.ssl.trustmanager.algorithm = PKIX
	schema.registry.ssl.truststore.certificates = null
	schema.registry.ssl.truststore.location = null
	schema.registry.ssl.truststore.password = null
	schema.registry.ssl.truststore.type = JKS
	schema.registry.url = [bogus]
	use.latest.version = false
	value.subject.name.strategy = class io.confluent.kafka.serializers.subject.TopicNameStrategy

]]></system-out>
  </testcase>
</testsuite>